==106291== Memcheck, a memory error detector
==106291== Copyright (C) 2002-2022, and GNU GPL'd, by Julian Seward et al.
==106291== Using Valgrind-3.21.0 and LibVEX; rerun with -h for copyright info
==106291== Command: ./build/main
==106291== Parent PID: 38724
==106291== 
==106291== 
==106291== HEAP SUMMARY:
==106291==     in use at exit: 2,640,000 bytes in 60,000 blocks
==106291==   total heap usage: 60,011 allocs, 11 frees, 103,378,200 bytes allocated
==106291== 
==106291== LEAK SUMMARY:
==106291==    definitely lost: 0 bytes in 0 blocks
==106291==    indirectly lost: 0 bytes in 0 blocks
==106291==      possibly lost: 0 bytes in 0 blocks
==106291==    still reachable: 2,640,000 bytes in 60,000 blocks
==106291==         suppressed: 0 bytes in 0 blocks
==106291== Reachable blocks (those to which a pointer was found) are not shown.
==106291== To see them, rerun with: --leak-check=full --show-leak-kinds=all
==106291== 
==106291== For lists of detected and suppressed errors, rerun with: -s
==106291== ERROR SUMMARY: 0 errors from 0 contexts (suppressed: 0 from 0)
